Removed Pin From Net: NetName=GND Pin=BZZ1-2
Removed Pin From Net: NetName=+5 Pin=D1-2
Removed Pin From Net: NetName=+5 Pin=D2-2
Removed Pin From Net: NetName=NetD1_1 Pin=L1-2
Removed Pin From Net: NetName=NetD2_1 Pin=L2-2
Removed Pin From Net: NetName=+5 Pin=R3-1
Removed Pin From Net: NetName=+5 Pin=R5-1
Removed Pin From Net: NetName=+5 Pin=RL1-5
Removed Pin From Net: NetName=+5 Pin=RL2-5
Removed Pin From Net: NetName=DHT11 Pin=STM-4
Removed Pin From Net: NetName=RX Pin=STM-14
Removed Pin From Net: NetName=TX Pin=STM-15
Removed Pin From Net: NetName=BUTTON1 Pin=STM-34
Removed Pin From Net: NetName=Fan Pin=U1-1
Removed Pin From Net: NetName=GND Pin=U1-2
Removed Pin From Net: NetName=+5 Pin=U1-4
Removed Pin From Net: NetName=Lamp Pin=U2-1
Removed Pin From Net: NetName=GND Pin=U2-2
Removed Pin From Net: NetName=+5 Pin=U2-4
Removed Member From Class: ClassName=nguyenly Member=L1
Removed Member From Class: ClassName=nguyenly Member=L2
Removed Member From Class: ClassName=nguyenly Member=U1
Removed Member From Class: ClassName=nguyenly Member=U2
Change Component Comment : Designator=R3 Old Comment=1k New Comment=10K
Change Component Comment : Designator=R5 Old Comment=1k New Comment=10k
Change Component Comment : Designator=R1 Old Comment=2k New Comment=10k
Change Component Comment : Designator=R2 Old Comment=2k New Comment=10k
Added Component: Designator=C7(tu gom)
Add component (AddParameter): Name = "Chung_Loai"; Value = "C?m"; VariantName = "[No Variations]"
Add component (AddParameter): Name = "Don_Vi"; Value = "Con"; VariantName = "[No Variations]"
Add component (AddParameter): Name = "Kieu_Chan"; Value = ""; VariantName = "[No Variations]"
Add component (AddParameter): Name = "Ma_Hang"; Value = "MH004767"; VariantName = "[No Variations]"
Add component (AddParameter): Name = "So_Chan"; Value = "2"; VariantName = "[No Variations]"
Add component (AddParameter): Name = "Ten_Linh_Kien"; Value = "T? g?m 15P 50V"; VariantName = "[No Variations]"
Added Component: Designator=C8(tu gom)
Add component (AddParameter): Name = "Chung_Loai"; Value = "C?m"; VariantName = "[No Variations]"
Add component (AddParameter): Name = "Don_Vi"; Value = "Con"; VariantName = "[No Variations]"
Add component (AddParameter): Name = "Kieu_Chan"; Value = ""; VariantName = "[No Variations]"
Add component (AddParameter): Name = "Ma_Hang"; Value = "MH004767"; VariantName = "[No Variations]"
Add component (AddParameter): Name = "So_Chan"; Value = "2"; VariantName = "[No Variations]"
Add component (AddParameter): Name = "Ten_Linh_Kien"; Value = "T? g?m 15P 50V"; VariantName = "[No Variations]"
Added Component: Designator=R8(tro vach 1/2w)
Add component (AddParameter): Name = "Chung_Loai"; Value = "C?m"; VariantName = "[No Variations]"
Add component (AddParameter): Name = "Don_Vi"; Value = "Con"; VariantName = "[No Variations]"
Add component (AddParameter): Name = "Kieu_Chan"; Value = ""; VariantName = "[No Variations]"
Add component (AddParameter): Name = "Ma_Hang"; Value = "MH007240"; VariantName = "[No Variations]"
Add component (AddParameter): Name = "So_Chan"; Value = "2"; VariantName = "[No Variations]"
Add component (AddParameter): Name = "Ten_Linh_Kien"; Value = "Tr? 5% 1/2w 1K"; VariantName = "[No Variations]"
Added Component: Designator=STA.TR1(QTO-92)
Add component (AddParameter): Name = "Value"; Value = "C1815"; VariantName = "[No Variations]"
Added Pin To Net: NetName=+5 Pin=BZZ1-1
Added Pin To Net: NetName=NetD1_1 Pin=C7-1
Added Pin To Net: NetName=GND Pin=C7-2
Added Pin To Net: NetName=NetD2_1 Pin=C8-1
Added Pin To Net: NetName=GND Pin=C8-2
Added Pin To Net: NetName=GND Pin=R3-1
Added Pin To Net: NetName=Fan Pin=R4-1
Added Pin To Net: NetName=GND Pin=R5-1
Added Pin To Net: NetName=NetQ1_3 Pin=R5-2
Added Pin To Net: NetName=Lamp Pin=R6-1
Added Pin To Net: NetName=GND Pin=R8-1
Added Pin To Net: NetName=NetQ2_3 Pin=R8-2
Added Pin To Net: NetName=GND Pin=STA.TR1-1
Added Pin To Net: NetName=TX Pin=STM-14
Added Pin To Net: NetName=RX Pin=STM-15
Added Pin To Net: NetName=BUTTON1 Pin=STM-33
Added Pin To Net: NetName=DHT11 Pin=STM-36
Change Net Name : Old Net Name=NetD1_1 New Net Name=NetC7_1
Change Net Name : Old Net Name=NetD2_1 New Net Name=NetC8_1
Added Pin To Net: NetName=NetBZZ1_2 Pin=BZZ1-2
Added Pin To Net: NetName=NetBZZ1_2 Pin=STA.TR1-2
Added Net: Name=NetBZZ1_2
Added Pin To Net: NetName=NetD1_2 Pin=D1-2
Added Pin To Net: NetName=NetD1_2 Pin=RL1-5
Added Net: Name=NetD1_2
Added Pin To Net: NetName=NetD2_2 Pin=D2-2
Added Pin To Net: NetName=NetD2_2 Pin=RL2-5
Added Net: Name=NetD2_2
Added Pin To Net: NetName=NetR3_2 Pin=R3-2
Added Pin To Net: NetName=NetR3_2 Pin=R7-2
Added Pin To Net: NetName=NetR3_2 Pin=STA.TR1-3
Added Net: Name=NetR3_2
Added Member To Class: ClassName=nguyenly Member=Component C7 15pF
Added Member To Class: ClassName=nguyenly Member=Component C8 15pF
Added Member To Class: ClassName=nguyenly Member=Component R8 10k
Added Member To Class: ClassName=nguyenly Member=Component STA.TR1 TR815
Added Room: Name=nguyenly
