Removed Pin From Net: NetName=NetC7_1 Pin=C7-1
Removed Pin From Net: NetName=GND Pin=C7-2
Removed Pin From Net: NetName=NetC8_1 Pin=C8-1
Removed Pin From Net: NetName=GND Pin=C8-2
Removed Member From Class: ClassName=nguyenly Member=C7
Removed Member From Class: ClassName=nguyenly Member=C8
Removed Member From Class: ClassName=nguyenly Member=JP1
Removed Member From Class: ClassName=nguyenly Member=JP2
Added Component: Designator=HD1(HED3)
Add component (AddParameter): Name = "Value"; Value = "Header 3"; VariantName = "[No Variations]"
Added Component: Designator=HD2(HED3)
Add component (AddParameter): Name = "Value"; Value = "Header 3"; VariantName = "[No Variations]"
Change Net Name : Old Net Name=NetC7_1 New Net Name=NetD1_1
Change Net Name : Old Net Name=NetC8_1 New Net Name=NetD2_1
Added Pin To Net: NetName=NetHD1_1 Pin=HD1-1
Added Pin To Net: NetName=NetHD1_1 Pin=RL1-3
Added Net: Name=NetHD1_1
Added Pin To Net: NetName=NetHD1_2 Pin=HD1-2
Added Pin To Net: NetName=NetHD1_2 Pin=RL1-1
Added Net: Name=NetHD1_2
Added Pin To Net: NetName=NetHD1_3 Pin=HD1-3
Added Pin To Net: NetName=NetHD1_3 Pin=RL1-2
Added Net: Name=NetHD1_3
Added Pin To Net: NetName=NetHD2_1 Pin=HD2-1
Added Pin To Net: NetName=NetHD2_1 Pin=RL2-3
Added Net: Name=NetHD2_1
Added Pin To Net: NetName=NetHD2_2 Pin=HD2-2
Added Pin To Net: NetName=NetHD2_2 Pin=RL2-1
Added Net: Name=NetHD2_2
Added Pin To Net: NetName=NetHD2_3 Pin=HD2-3
Added Pin To Net: NetName=NetHD2_3 Pin=RL2-2
Added Net: Name=NetHD2_3
Added Member To Class: ClassName=nguyenly Member=Component HD1 Header 3
Added Member To Class: ClassName=nguyenly Member=Component HD2 Header 3
